<?xml version="1.0" encoding="UTF-8"?>
<testng-results skipped="0" failed="0" ignored="0" total="1" passed="1">
  <reporter-output>
  </reporter-output>
  <suite name="Default suite" duration-ms="258" started-at="2020-11-05T21:13:31 EST" finished-at="2020-11-05T21:13:31 EST">
    <groups>
    </groups>
    <test name="Default test" duration-ms="258" started-at="2020-11-05T21:13:31 EST" finished-at="2020-11-05T21:13:31 EST">
      <class name="green.Lambada">
        <test-method status="PASS" signature="streamcollect()[pri:0, instance:green.Lambada@3224f60b]" name="streamcollect" duration-ms="71" started-at="2020-11-05T21:13:31 EST" finished-at="2020-11-05T21:13:31 EST">
          <reporter-output>
          </reporter-output>
        </test-method> <!-- streamcollect -->
      </class> <!-- green.Lambada -->
    </test> <!-- Default test -->
  </suite> <!-- Default suite -->
</testng-results>
